09:52:33.015 [main] INFO  testCases.TC04_SenderDetailsTest - Clicked on Cabs.
09:54:23.201 [main] INFO  testCases.TC04_SenderDetailsTest - Clicked on Cabs.
10:02:36.795 [main] INFO  testCases.TC04_SenderDetailsTest - Clicked on Cabs.
10:02:38.754 [main] INFO  testCases.TC04_SenderDetailsTest - Entered 'From' city.
10:02:40.200 [main] INFO  testCases.TC04_SenderDetailsTest - Entered 'To' City.
10:02:41.043 [main] INFO  testCases.TC04_SenderDetailsTest - Entered date.
10:02:43.024 [main] INFO  testCases.TC04_SenderDetailsTest - Entered Time.
10:02:47.037 [main] INFO  testCases.TC04_SenderDetailsTest - Clicked on Search after filling the details.
10:02:49.223 [main] INFO  testCases.TC04_SenderDetailsTest - Selected SUV.
10:02:51.498 [main] INFO  testCases.TC04_SenderDetailsTest - Fetched lowest price.
10:02:55.636 [main] INFO  testCases.TC04_SenderDetailsTest - Clicked on GiftCards.
10:02:57.373 [main] INFO  testCases.TC04_SenderDetailsTest - Selected Wedding GiftCard.
10:03:02.299 [main] INFO  testCases.TC04_SenderDetailsTest - Filled up sender's and recipient's details.
10:03:03.034 [main] INFO  testCases.TC04_SenderDetailsTest - Fetched Alert message.
10:03:04.590 [main] INFO  testCases.TC04_SenderDetailsTest - Directed to Hotels page.
10:03:09.622 [main] INFO  testCases.TC04_SenderDetailsTest - Fetched number of adults.
10:04:28.059 [main] INFO  testCases.TC04_SenderDetailsTest - Clicked on Cabs.
10:06:06.740 [main] INFO  testCases.TC04_SenderDetailsTest - Fetched Alert message.
10:06:07.967 [main] INFO  testCases.TC04_SenderDetailsTest - Directed to Hotels page.
10:09:09.623 [main] INFO  testCases.TC04_SenderDetailsTest - Clicked on Cabs.
10:09:11.734 [main] INFO  testCases.TC04_SenderDetailsTest - Entered 'From' city.
10:09:13.370 [main] INFO  testCases.TC04_SenderDetailsTest - Entered 'To' City.
10:09:14.326 [main] INFO  testCases.TC04_SenderDetailsTest - Entered date.
10:09:16.374 [main] INFO  testCases.TC04_SenderDetailsTest - Entered Time.
10:09:20.225 [main] INFO  testCases.TC04_SenderDetailsTest - Clicked on Search after filling the details.
10:09:22.303 [main] INFO  testCases.TC04_SenderDetailsTest - Selected SUV.
10:09:24.837 [main] INFO  testCases.TC04_SenderDetailsTest - Fetched lowest price.
10:09:29.350 [main] INFO  testCases.TC04_SenderDetailsTest - Clicked on GiftCards.
10:09:30.904 [main] INFO  testCases.TC04_SenderDetailsTest - Selected Wedding GiftCard.
10:09:36.058 [main] INFO  testCases.TC04_SenderDetailsTest - Filled up sender's and recipient's details.
10:09:36.912 [main] INFO  testCases.TC04_SenderDetailsTest - Fetched Alert message.
10:09:38.375 [main] INFO  testCases.TC04_SenderDetailsTest - Directed to Hotels page.
10:09:45.115 [main] INFO  testCases.TC04_SenderDetailsTest - Fetched number of adults.
10:12:46.864 [main] INFO  testCases.TC04_SenderDetailsTest - Clicked on Cabs.
10:12:49.016 [main] INFO  testCases.TC04_SenderDetailsTest - Entered 'From' city.
10:12:50.804 [main] INFO  testCases.TC04_SenderDetailsTest - Entered 'To' City.
10:12:51.787 [main] INFO  testCases.TC04_SenderDetailsTest - Entered date.
10:12:53.759 [main] INFO  testCases.TC04_SenderDetailsTest - Entered Time.
10:12:57.384 [main] INFO  testCases.TC04_SenderDetailsTest - Clicked on Search after filling the details.
10:12:59.766 [main] INFO  testCases.TC04_SenderDetailsTest - Selected SUV.
10:13:02.266 [main] INFO  testCases.TC04_SenderDetailsTest - Fetched lowest price.
10:13:07.230 [main] INFO  testCases.TC04_SenderDetailsTest - Clicked on GiftCards.
10:13:08.811 [main] INFO  testCases.TC04_SenderDetailsTest - Selected Wedding GiftCard.
10:13:13.283 [main] INFO  testCases.TC04_SenderDetailsTest - Filled up sender's and recipient's details.
10:13:14.250 [main] INFO  testCases.TC04_SenderDetailsTest - Fetched Alert message.
10:13:15.574 [main] INFO  testCases.TC04_SenderDetailsTest - Directed to Hotels page.
10:13:20.727 [main] INFO  testCases.TC04_SenderDetailsTest - Fetched number of adults.
10:16:34.241 [main] INFO  testCases.TC04_SenderDetailsTest - Clicked on Cabs.
10:16:36.422 [main] INFO  testCases.TC04_SenderDetailsTest - Entered 'From' city.
10:16:38.098 [main] INFO  testCases.TC04_SenderDetailsTest - Entered 'To' City.
10:16:38.978 [main] INFO  testCases.TC04_SenderDetailsTest - Entered date.
10:16:41.012 [main] INFO  testCases.TC04_SenderDetailsTest - Entered Time.
10:16:45.480 [main] INFO  testCases.TC04_SenderDetailsTest - Clicked on Search after filling the details.
10:16:48.203 [main] INFO  testCases.TC04_SenderDetailsTest - Selected SUV.
10:16:50.677 [main] INFO  testCases.TC04_SenderDetailsTest - Fetched lowest price.
10:16:55.723 [main] INFO  testCases.TC04_SenderDetailsTest - Clicked on GiftCards.
10:16:57.547 [main] INFO  testCases.TC04_SenderDetailsTest - Selected Wedding GiftCard.
10:17:02.521 [main] INFO  testCases.TC04_SenderDetailsTest - Filled up sender's and recipient's details.
10:17:03.347 [main] INFO  testCases.TC04_SenderDetailsTest - Fetched Alert message.
