10:17:04.543 [main] INFO  testCases.TC04_SenderDetailsTest - Directed to Hotels page.
10:17:11.351 [main] INFO  testCases.TC04_SenderDetailsTest - Fetched number of adults.
10:18:14.123 [main] INFO  testCases.TC04_SenderDetailsTest - Clicked on Cabs.
10:18:15.420 [main] INFO  testCases.TC04_SenderDetailsTest - Entered 'From' city.
10:18:16.748 [main] INFO  testCases.TC04_SenderDetailsTest - Entered 'To' City.
10:18:17.268 [main] INFO  testCases.TC04_SenderDetailsTest - Entered date.
10:18:18.350 [main] INFO  testCases.TC04_SenderDetailsTest - Entered Time.
10:18:20.902 [main] INFO  testCases.TC04_SenderDetailsTest - Clicked on Search after filling the details.
10:18:22.689 [main] INFO  testCases.TC04_SenderDetailsTest - Selected SUV.
10:18:24.191 [main] INFO  testCases.TC04_SenderDetailsTest - Fetched lowest price.
10:18:27.425 [main] INFO  testCases.TC04_SenderDetailsTest - Clicked on GiftCards.
10:18:28.899 [main] INFO  testCases.TC04_SenderDetailsTest - Selected Wedding GiftCard.
10:18:32.365 [main] INFO  testCases.TC04_SenderDetailsTest - Filled up sender's and recipient's details.
10:18:32.969 [main] INFO  testCases.TC04_SenderDetailsTest - Fetched Alert message.
10:18:33.691 [main] INFO  testCases.TC04_SenderDetailsTest - Directed to Hotels page.
10:18:38.958 [main] INFO  testCases.TC04_SenderDetailsTest - Fetched number of adults.
10:19:02.396 [main] INFO  testCases.TC04_SenderDetailsTest - Clicked on Cabs.
10:19:03.673 [main] INFO  testCases.TC04_SenderDetailsTest - Entered 'From' city.
10:19:04.804 [main] INFO  testCases.TC04_SenderDetailsTest - Entered 'To' City.
10:19:05.413 [main] INFO  testCases.TC04_SenderDetailsTest - Entered date.
10:19:06.694 [main] INFO  testCases.TC04_SenderDetailsTest - Entered Time.
10:19:09.832 [main] INFO  testCases.TC04_SenderDetailsTest - Clicked on Search after filling the details.
10:19:11.825 [main] INFO  testCases.TC04_SenderDetailsTest - Selected SUV.
10:19:12.289 [main] INFO  testCases.TC04_SenderDetailsTest - Fetched lowest price.
10:19:15.108 [main] INFO  testCases.TC04_SenderDetailsTest - Clicked on GiftCards.
10:19:16.142 [main] INFO  testCases.TC04_SenderDetailsTest - Selected Wedding GiftCard.
10:19:19.296 [main] INFO  testCases.TC04_SenderDetailsTest - Filled up sender's and recipient's details.
10:19:20.020 [main] INFO  testCases.TC04_SenderDetailsTest - Fetched Alert message.
10:19:20.897 [main] INFO  testCases.TC04_SenderDetailsTest - Directed to Hotels page.
10:19:24.230 [main] INFO  testCases.TC04_SenderDetailsTest - Fetched number of adults.
10:20:40.979 [main] INFO  testCases.TC04_SenderDetailsTest - Clicked on Cabs.
10:20:42.274 [main] INFO  testCases.TC04_SenderDetailsTest - Entered 'From' city.
10:20:43.625 [main] INFO  testCases.TC04_SenderDetailsTest - Entered 'To' City.
10:20:44.195 [main] INFO  testCases.TC04_SenderDetailsTest - Entered date.
10:20:45.367 [main] INFO  testCases.TC04_SenderDetailsTest - Entered Time.
10:20:48.605 [main] INFO  testCases.TC04_SenderDetailsTest - Clicked on Search after filling the details.
10:20:51.255 [main] INFO  testCases.TC04_SenderDetailsTest - Selected SUV.
10:20:52.796 [main] INFO  testCases.TC04_SenderDetailsTest - Fetched lowest price.
10:20:55.701 [main] INFO  testCases.TC04_SenderDetailsTest - Clicked on GiftCards.
10:20:57.000 [main] INFO  testCases.TC04_SenderDetailsTest - Selected Wedding GiftCard.
10:21:00.576 [main] INFO  testCases.TC04_SenderDetailsTest - Filled up sender's and recipient's details.
10:21:01.235 [main] INFO  testCases.TC04_SenderDetailsTest - Fetched Alert message.
10:21:02.051 [main] INFO  testCases.TC04_SenderDetailsTest - Directed to Hotels page.
10:21:06.627 [main] INFO  testCases.TC04_SenderDetailsTest - Fetched number of adults.
